<?xml version="1.0" encoding="UTF-8"?>
<coverage generated="1754392292316" clover="3.2.0">
  <project timestamp="1754392292316" name="All files">
    <metrics statements="1557" coveredstatements="907" conditionals="189" coveredconditionals="146" methods="115" coveredmethods="80" elements="1861" coveredelements="1133" complexity="0" loc="1557" ncloc="1557" packages="25" files="48" classes="48"/>
    <package name="src">
      <metrics statements="36" coveredstatements="28" conditionals="4" coveredconditionals="2" methods="2" coveredmethods="1"/>
      <file name="Layout.tsx" path="C:\Users\apisarek\OneDrive - Capgemini\Documents\Onboarding_project\SimpleCards\frontend\src\Layout.tsx">
        <metrics statements="36" coveredstatements="28" conditionals="4" coveredconditionals="2" methods="2" coveredmethods="1"/>
        <line num="1" count="1" type="stmt"/>
        <line num="2" count="1" type="stmt"/>
        <line num="3" count="1" type="stmt"/>
        <line num="4" count="1" type="stmt"/>
        <line num="6" count="1" type="cond" truecount="1" falsecount="0"/>
        <line num="8" count="18" type="stmt"/>
        <line num="9" count="18" type="stmt"/>
        <line num="10" count="18" type="stmt"/>
        <line num="11" count="18" type="stmt"/>
        <line num="13" count="18" type="stmt"/>
        <line num="14" count="0" type="stmt"/>
        <line num="15" count="0" type="stmt"/>
        <line num="16" count="0" type="stmt"/>
        <line num="17" count="0" type="stmt"/>
        <line num="18" count="0" type="stmt"/>
        <line num="19" count="18" type="stmt"/>
        <line num="21" count="18" type="cond" truecount="1" falsecount="0"/>
        <line num="22" count="18" type="cond" truecount="0" falsecount="2"/>
        <line num="23" count="0" type="stmt"/>
        <line num="24" count="18" type="stmt"/>
        <line num="25" count="18" type="stmt"/>
        <line num="26" count="18" type="stmt"/>
        <line num="27" count="18" type="stmt"/>
        <line num="29" count="18" type="stmt"/>
        <line num="30" count="0" type="stmt"/>
        <line num="31" count="0" type="stmt"/>
        <line num="33" count="18" type="stmt"/>
        <line num="34" count="18" type="stmt"/>
        <line num="35" count="18" type="stmt"/>
        <line num="36" count="18" type="stmt"/>
        <line num="37" count="18" type="stmt"/>
        <line num="38" count="18" type="stmt"/>
        <line num="39" count="18" type="stmt"/>
        <line num="40" count="18" type="stmt"/>
        <line num="42" count="18" type="stmt"/>
        <line num="44" count="1" type="stmt"/>
      </file>
    </package>
    <package name="src.components.Bars.Deck">
      <metrics statements="55" coveredstatements="55" conditionals="10" coveredconditionals="9" methods="8" coveredmethods="8"/>
      <file name="Deck.styles.ts" path="C:\Users\apisarek\OneDrive - Capgemini\Documents\Onboarding_project\SimpleCards\frontend\src\components\Bars\Deck\Deck.styles.ts">
        <metrics statements="14" coveredstatements="14" conditionals="1" coveredconditionals="1" methods="1" coveredmethods="1"/>
        <line num="1" count="1" type="cond" truecount="1" falsecount="0"/>
        <line num="2" count="78" type="stmt"/>
        <line num="3" count="78" type="stmt"/>
        <line num="4" count="78" type="stmt"/>
        <line num="5" count="78" type="stmt"/>
        <line num="6" count="78" type="stmt"/>
        <line num="7" count="78" type="stmt"/>
        <line num="8" count="78" type="stmt"/>
        <line num="9" count="78" type="stmt"/>
        <line num="10" count="78" type="stmt"/>
        <line num="11" count="78" type="stmt"/>
        <line num="12" count="78" type="stmt"/>
        <line num="13" count="78" type="stmt"/>
        <line num="15" count="1" type="stmt"/>
      </file>
      <file name="Deck.tsx" path="C:\Users\apisarek\OneDrive - Capgemini\Documents\Onboarding_project\SimpleCards\frontend\src\components\Bars\Deck\Deck.tsx">
        <metrics statements="41" coveredstatements="41" conditionals="9" coveredconditionals="8" methods="7" coveredmethods="7"/>
        <line num="1" count="1" type="stmt"/>
        <line num="2" count="1" type="stmt"/>
        <line num="4" count="1" type="stmt"/>
        <line num="5" count="1" type="stmt"/>
        <line num="6" count="1" type="stmt"/>
        <line num="8" count="1" type="cond" truecount="1" falsecount="0"/>
        <line num="10" count="78" type="stmt"/>
        <line num="11" count="78" type="stmt"/>
        <line num="12" count="78" type="stmt"/>
        <line num="13" count="78" type="stmt"/>
        <line num="14" count="78" type="stmt"/>
        <line num="15" count="78" type="stmt"/>
        <line num="16" count="78" type="stmt"/>
        <line num="17" count="78" type="stmt"/>
        <line num="19" count="78" type="cond" truecount="1" falsecount="0"/>
        <line num="20" count="3" type="stmt"/>
        <line num="21" count="3" type="stmt"/>
        <line num="23" count="78" type="cond" truecount="1" falsecount="0"/>
        <line num="24" count="1" type="stmt"/>
        <line num="25" count="1" type="stmt"/>
        <line num="27" count="78" type="cond" truecount="1" falsecount="0"/>
        <line num="28" count="1" type="stmt"/>
        <line num="29" count="1" type="stmt"/>
        <line num="31" count="78" type="stmt"/>
        <line num="32" count="78" type="stmt"/>
        <line num="33" count="78" type="cond" truecount="1" falsecount="1"/>
        <line num="34" count="78" type="stmt"/>
        <line num="35" count="78" type="stmt"/>
        <line num="36" count="78" type="stmt"/>
        <line num="37" count="78" type="cond" truecount="1" falsecount="0"/>
        <line num="38" count="78" type="cond" truecount="1" falsecount="0"/>
        <line num="39" count="78" type="stmt"/>
        <line num="40" count="78" type="stmt"/>
        <line num="41" count="78" type="stmt"/>
        <line num="42" count="78" type="stmt"/>
        <line num="43" count="78" type="stmt"/>
        <line num="45" count="78" type="stmt"/>
        <line num="46" count="78" type="cond" truecount="1" falsecount="0"/>
        <line num="47" count="78" type="stmt"/>
        <line num="49" count="78" type="stmt"/>
        <line num="51" count="1" type="stmt"/>
      </file>
    </package>
    <package name="src.components.Bars.DeletePopup">
      <metrics statements="26" coveredstatements="26" conditionals="2" coveredconditionals="2" methods="2" coveredmethods="2"/>
      <file name="DeletePopup.styles.ts" path="C:\Users\apisarek\OneDrive - Capgemini\Documents\Onboarding_project\SimpleCards\frontend\src\components\Bars\DeletePopup\DeletePopup.styles.ts">
        <metrics statements="10" coveredstatements="10" conditionals="1" coveredconditionals="1" methods="1" coveredmethods="1"/>
        <line num="1" count="1" type="cond" truecount="1" falsecount="0"/>
        <line num="2" count="5" type="stmt"/>
        <line num="3" count="5" type="stmt"/>
        <line num="4" count="5" type="stmt"/>
        <line num="5" count="5" type="stmt"/>
        <line num="6" count="5" type="stmt"/>
        <line num="7" count="5" type="stmt"/>
        <line num="8" count="5" type="stmt"/>
        <line num="9" count="5" type="stmt"/>
        <line num="11" count="1" type="stmt"/>
      </file>
      <file name="DeletePopup.tsx" path="C:\Users\apisarek\OneDrive - Capgemini\Documents\Onboarding_project\SimpleCards\frontend\src\components\Bars\DeletePopup\DeletePopup.tsx">
        <metrics statements="16" coveredstatements="16" conditionals="1" coveredconditionals="1" methods="1" coveredmethods="1"/>
        <line num="1" count="1" type="stmt"/>
        <line num="4" count="1" type="cond" truecount="1" falsecount="0"/>
        <line num="6" count="5" type="stmt"/>
        <line num="8" count="5" type="stmt"/>
        <line num="9" count="5" type="stmt"/>
        <line num="10" count="5" type="stmt"/>
        <line num="11" count="5" type="stmt"/>
        <line num="12" count="5" type="stmt"/>
        <line num="13" count="5" type="stmt"/>
        <line num="14" count="5" type="stmt"/>
        <line num="15" count="5" type="stmt"/>
        <line num="16" count="5" type="stmt"/>
        <line num="17" count="5" type="stmt"/>
        <line num="19" count="5" type="stmt"/>
        <line num="21" count="5" type="stmt"/>
        <line num="23" count="1" type="stmt"/>
      </file>
    </package>
    <package name="src.components.Bars.Navbar">
      <metrics statements="28" coveredstatements="28" conditionals="3" coveredconditionals="3" methods="5" coveredmethods="3"/>
      <file name="Navbar.styles.ts" path="C:\Users\apisarek\OneDrive - Capgemini\Documents\Onboarding_project\SimpleCards\frontend\src\components\Bars\Navbar\Navbar.styles.ts">
        <metrics statements="9" coveredstatements="9" conditionals="1" coveredconditionals="1" methods="1" coveredmethods="1"/>
        <line num="1" count="1" type="cond" truecount="1" falsecount="0"/>
        <line num="2" count="25" type="stmt"/>
        <line num="3" count="25" type="stmt"/>
        <line num="4" count="25" type="stmt"/>
        <line num="5" count="25" type="stmt"/>
        <line num="6" count="25" type="stmt"/>
        <line num="7" count="25" type="stmt"/>
        <line num="8" count="25" type="stmt"/>
        <line num="10" count="1" type="stmt"/>
      </file>
      <file name="Navbar.tsx" path="C:\Users\apisarek\OneDrive - Capgemini\Documents\Onboarding_project\SimpleCards\frontend\src\components\Bars\Navbar\Navbar.tsx">
        <metrics statements="19" coveredstatements="19" conditionals="2" coveredconditionals="2" methods="4" coveredmethods="2"/>
        <line num="1" count="1" type="stmt"/>
        <line num="2" count="1" type="stmt"/>
        <line num="3" count="1" type="stmt"/>
        <line num="9" count="1" type="cond" truecount="1" falsecount="0"/>
        <line num="11" count="25" type="stmt"/>
        <line num="12" count="25" type="stmt"/>
        <line num="13" count="25" type="stmt"/>
        <line num="14" count="25" type="stmt"/>
        <line num="15" count="25" type="stmt"/>
        <line num="17" count="25" type="stmt"/>
        <line num="18" count="25" type="stmt"/>
        <line num="19" count="25" type="stmt"/>
        <line num="20" count="25" type="stmt"/>
        <line num="21" count="25" type="stmt"/>
        <line num="22" count="25" type="cond" truecount="1" falsecount="0"/>
        <line num="23" count="25" type="stmt"/>
        <line num="24" count="25" type="stmt"/>
        <line num="26" count="25" type="stmt"/>
        <line num="28" count="1" type="stmt"/>
      </file>
    </package>
    <package name="src.components.Bars.NewElement">
      <metrics statements="16" coveredstatements="16" conditionals="2" coveredconditionals="2" methods="2" coveredmethods="2"/>
      <file name="NewElement.styles.tsx" path="C:\Users\apisarek\OneDrive - Capgemini\Documents\Onboarding_project\SimpleCards\frontend\src\components\Bars\NewElement\NewElement.styles.tsx">
        <metrics statements="6" coveredstatements="6" conditionals="1" coveredconditionals="1" methods="1" coveredmethods="1"/>
        <line num="1" count="1" type="cond" truecount="1" falsecount="0"/>
        <line num="2" count="56" type="stmt"/>
        <line num="3" count="56" type="stmt"/>
        <line num="4" count="56" type="stmt"/>
        <line num="5" count="56" type="stmt"/>
        <line num="7" count="1" type="stmt"/>
      </file>
      <file name="NewElement.tsx" path="C:\Users\apisarek\OneDrive - Capgemini\Documents\Onboarding_project\SimpleCards\frontend\src\components\Bars\NewElement\NewElement.tsx">
        <metrics statements="10" coveredstatements="10" conditionals="1" coveredconditionals="1" methods="1" coveredmethods="1"/>
        <line num="1" count="1" type="stmt"/>
        <line num="2" count="1" type="stmt"/>
        <line num="5" count="1" type="cond" truecount="1" falsecount="0"/>
        <line num="7" count="56" type="stmt"/>
        <line num="9" count="56" type="stmt"/>
        <line num="10" count="56" type="stmt"/>
        <line num="11" count="56" type="stmt"/>
        <line num="12" count="56" type="stmt"/>
        <line num="14" count="56" type="stmt"/>
        <line num="16" count="1" type="stmt"/>
      </file>
    </package>
    <package name="src.components.Bars.Sidebar">
      <metrics statements="85" coveredstatements="81" conditionals="15" coveredconditionals="14" methods="6" coveredmethods="5"/>
      <file name="Sidebar.styles.ts" path="C:\Users\apisarek\OneDrive - Capgemini\Documents\Onboarding_project\SimpleCards\frontend\src\components\Bars\Sidebar\Sidebar.styles.ts">
        <metrics statements="9" coveredstatements="9" conditionals="1" coveredconditionals="1" methods="1" coveredmethods="1"/>
        <line num="1" count="1" type="cond" truecount="1" falsecount="0"/>
        <line num="2" count="43" type="stmt"/>
        <line num="3" count="43" type="stmt"/>
        <line num="4" count="43" type="stmt"/>
        <line num="5" count="43" type="stmt"/>
        <line num="6" count="43" type="stmt"/>
        <line num="7" count="43" type="stmt"/>
        <line num="8" count="43" type="stmt"/>
        <line num="10" count="1" type="stmt"/>
      </file>
      <file name="Sidebar.tsx" path="C:\Users\apisarek\OneDrive - Capgemini\Documents\Onboarding_project\SimpleCards\frontend\src\components\Bars\Sidebar\Sidebar.tsx">
        <metrics statements="76" coveredstatements="72" conditionals="14" coveredconditionals="13" methods="5" coveredmethods="4"/>
        <line num="1" count="1" type="stmt"/>
        <line num="2" count="1" type="stmt"/>
        <line num="3" count="1" type="stmt"/>
        <line num="5" count="1" type="stmt"/>
        <line num="6" count="1" type="stmt"/>
        <line num="7" count="1" type="stmt"/>
        <line num="9" count="1" type="cond" truecount="1" falsecount="0"/>
        <line num="11" count="43" type="stmt"/>
        <line num="12" count="43" type="stmt"/>
        <line num="13" count="43" type="stmt"/>
        <line num="14" count="43" type="stmt"/>
        <line num="15" count="43" type="stmt"/>
        <line num="16" count="43" type="stmt"/>
        <line num="17" count="43" type="stmt"/>
        <line num="18" count="43" type="stmt"/>
        <line num="19" count="43" type="stmt"/>
        <line num="21" count="43" type="cond" truecount="1" falsecount="0"/>
        <line num="22" count="1" type="stmt"/>
        <line num="23" count="1" type="cond" truecount="1" falsecount="0"/>
        <line num="24" count="1" type="stmt"/>
        <line num="25" count="1" type="stmt"/>
        <line num="26" count="1" type="stmt"/>
        <line num="28" count="43" type="cond" truecount="1" falsecount="0"/>
        <line num="29" count="1" type="stmt"/>
        <line num="30" count="1" type="stmt"/>
        <line num="31" count="1" type="stmt"/>
        <line num="32" count="1" type="stmt"/>
        <line num="33" count="1" type="stmt"/>
        <line num="34" count="1" type="stmt"/>
        <line num="35" count="1" type="cond" truecount="1" falsecount="0"/>
        <line num="36" count="1" type="cond" truecount="1" falsecount="0"/>
        <line num="37" count="1" type="stmt"/>
        <line num="39" count="1" type="stmt"/>
        <line num="41" count="43" type="cond" truecount="1" falsecount="0"/>
        <line num="42" count="1" type="cond" truecount="0" falsecount="1"/>
        <line num="43" count="0" type="stmt"/>
        <line num="44" count="0" type="stmt"/>
        <line num="45" count="1" type="stmt"/>
        <line num="47" count="43" type="stmt"/>
        <line num="48" count="0" type="stmt"/>
        <line num="49" count="0" type="stmt"/>
        <line num="51" count="43" type="cond" truecount="1" falsecount="0"/>
        <line num="52" count="18" type="stmt"/>
        <line num="53" count="18" type="stmt"/>
        <line num="54" count="18" type="stmt"/>
        <line num="55" count="18" type="stmt"/>
        <line num="56" count="18" type="stmt"/>
        <line num="57" count="18" type="stmt"/>
        <line num="58" count="18" type="stmt"/>
        <line num="59" count="18" type="cond" truecount="1" falsecount="0"/>
        <line num="60" count="18" type="cond" truecount="1" falsecount="0"/>
        <line num="61" count="18" type="stmt"/>
        <line num="62" count="43" type="stmt"/>
        <line num="65" count="43" type="stmt"/>
        <line num="66" count="43" type="stmt"/>
        <line num="67" count="43" type="stmt"/>
        <line num="68" count="43" type="stmt"/>
        <line num="69" count="43" type="stmt"/>
        <line num="70" count="43" type="stmt"/>
        <line num="71" count="43" type="cond" truecount="2" falsecount="0"/>
        <line num="72" count="74" type="stmt"/>
        <line num="73" count="74" type="stmt"/>
        <line num="74" count="74" type="stmt"/>
        <line num="75" count="74" type="stmt"/>
        <line num="76" count="74" type="stmt"/>
        <line num="77" count="74" type="stmt"/>
        <line num="78" count="74" type="stmt"/>
        <line num="79" count="74" type="stmt"/>
        <line num="80" count="74" type="stmt"/>
        <line num="81" count="74" type="stmt"/>
        <line num="82" count="25" type="stmt"/>
        <line num="83" count="43" type="cond" truecount="1" falsecount="0"/>
        <line num="84" count="43" type="stmt"/>
        <line num="85" count="43" type="stmt"/>
        <line num="87" count="43" type="stmt"/>
        <line num="89" count="1" type="stmt"/>
      </file>
    </package>
    <package name="src.components.CreateDeckView">
      <metrics statements="111" coveredstatements="110" conditionals="21" coveredconditionals="18" methods="10" coveredmethods="10"/>
      <file name="CreateDeckView.styles.ts" path="C:\Users\apisarek\OneDrive - Capgemini\Documents\Onboarding_project\SimpleCards\frontend\src\components\CreateDeckView\CreateDeckView.styles.ts">
        <metrics statements="17" coveredstatements="17" conditionals="1" coveredconditionals="1" methods="1" coveredmethods="1"/>
        <line num="1" count="1" type="cond" truecount="1" falsecount="0"/>
        <line num="2" count="11" type="stmt"/>
        <line num="3" count="11" type="stmt"/>
        <line num="4" count="11" type="stmt"/>
        <line num="5" count="11" type="stmt"/>
        <line num="6" count="11" type="stmt"/>
        <line num="7" count="11" type="stmt"/>
        <line num="8" count="11" type="stmt"/>
        <line num="9" count="11" type="stmt"/>
        <line num="10" count="11" type="stmt"/>
        <line num="11" count="11" type="stmt"/>
        <line num="12" count="11" type="stmt"/>
        <line num="13" count="11" type="stmt"/>
        <line num="14" count="11" type="stmt"/>
        <line num="15" count="11" type="stmt"/>
        <line num="16" count="11" type="stmt"/>
        <line num="18" count="1" type="stmt"/>
      </file>
      <file name="CreateDeckView.tsx" path="C:\Users\apisarek\OneDrive - Capgemini\Documents\Onboarding_project\SimpleCards\frontend\src\components\CreateDeckView\CreateDeckView.tsx">
        <metrics statements="94" coveredstatements="93" conditionals="20" coveredconditionals="17" methods="9" coveredmethods="9"/>
        <line num="1" count="1" type="stmt"/>
        <line num="2" count="1" type="stmt"/>
        <line num="3" count="1" type="stmt"/>
        <line num="5" count="11" type="cond" truecount="1" falsecount="0"/>
        <line num="7" count="11" type="stmt"/>
        <line num="8" count="11" type="stmt"/>
        <line num="9" count="11" type="stmt"/>
        <line num="10" count="11" type="stmt"/>
        <line num="11" count="11" type="stmt"/>
        <line num="12" count="11" type="stmt"/>
        <line num="13" count="11" type="stmt"/>
        <line num="14" count="11" type="stmt"/>
        <line num="15" count="11" type="stmt"/>
        <line num="16" count="11" type="stmt"/>
        <line num="17" count="11" type="stmt"/>
        <line num="18" count="11" type="stmt"/>
        <line num="19" count="11" type="stmt"/>
        <line num="20" count="11" type="stmt"/>
        <line num="21" count="11" type="stmt"/>
        <line num="22" count="11" type="stmt"/>
        <line num="23" count="11" type="stmt"/>
        <line num="25" count="11" type="stmt"/>
        <line num="26" count="11" type="stmt"/>
        <line num="27" count="11" type="stmt"/>
        <line num="28" count="11" type="stmt"/>
        <line num="30" count="11" type="cond" truecount="1" falsecount="0"/>
        <line num="31" count="22" type="cond" truecount="1" falsecount="0"/>
        <line num="32" count="36" type="cond" truecount="1" falsecount="0"/>
        <line num="33" count="22" type="stmt"/>
        <line num="34" count="22" type="stmt"/>
        <line num="35" count="36" type="cond" truecount="0" falsecount="1"/>
        <line num="36" count="0" type="stmt"/>
        <line num="37" count="22" type="stmt"/>
        <line num="39" count="11" type="cond" truecount="1" falsecount="0"/>
        <line num="40" count="1" type="stmt"/>
        <line num="41" count="1" type="cond" truecount="0" falsecount="1"/>
        <line num="42" count="1" type="stmt"/>
        <line num="44" count="11" type="cond" truecount="1" falsecount="0"/>
        <line num="45" count="1" type="stmt"/>
        <line num="46" count="1" type="cond" truecount="0" falsecount="1"/>
        <line num="47" count="1" type="stmt"/>
        <line num="49" count="11" type="cond" truecount="1" falsecount="0"/>
        <line num="50" count="2" type="cond" truecount="3" falsecount="0"/>
        <line num="51" count="2" type="stmt"/>
        <line num="54" count="11" type="cond" truecount="1" falsecount="0"/>
        <line num="55" count="2" type="cond" truecount="1" falsecount="0"/>
        <line num="56" count="1" type="stmt"/>
        <line num="57" count="1" type="stmt"/>
        <line num="58" count="1" type="stmt"/>
        <line num="59" count="1" type="stmt"/>
        <line num="60" count="1" type="stmt"/>
        <line num="61" count="1" type="stmt"/>
        <line num="62" count="1" type="stmt"/>
        <line num="63" count="1" type="stmt"/>
        <line num="64" count="1" type="stmt"/>
        <line num="65" count="1" type="stmt"/>
        <line num="66" count="1" type="stmt"/>
        <line num="67" count="1" type="stmt"/>
        <line num="68" count="1" type="stmt"/>
        <line num="69" count="1" type="cond" truecount="1" falsecount="0"/>
        <line num="70" count="1" type="cond" truecount="1" falsecount="0"/>
        <line num="71" count="1" type="stmt"/>
        <line num="72" count="1" type="stmt"/>
        <line num="73" count="1" type="stmt"/>
        <line num="74" count="2" type="stmt"/>
        <line num="76" count="11" type="stmt"/>
        <line num="77" count="11" type="stmt"/>
        <line num="78" count="11" type="stmt"/>
        <line num="79" count="11" type="stmt"/>
        <line num="80" count="11" type="stmt"/>
        <line num="81" count="11" type="stmt"/>
        <line num="82" count="11" type="stmt"/>
        <line num="83" count="11" type="cond" truecount="1" falsecount="0"/>
        <line num="84" count="11" type="stmt"/>
        <line num="85" count="11" type="stmt"/>
        <line num="86" count="11" type="stmt"/>
        <line num="87" count="11" type="stmt"/>
        <line num="88" count="11" type="cond" truecount="1" falsecount="0"/>
        <line num="89" count="11" type="stmt"/>
        <line num="90" count="11" type="stmt"/>
        <line num="91" count="11" type="stmt"/>
        <line num="92" count="11" type="stmt"/>
        <line num="93" count="11" type="stmt"/>
        <line num="94" count="11" type="stmt"/>
        <line num="95" count="11" type="stmt"/>
        <line num="96" count="11" type="stmt"/>
        <line num="97" count="11" type="stmt"/>
        <line num="98" count="11" type="stmt"/>
        <line num="99" count="11" type="stmt"/>
        <line num="100" count="11" type="cond" truecount="1" falsecount="0"/>
        <line num="101" count="11" type="stmt"/>
        <line num="102" count="11" type="stmt"/>
        <line num="104" count="11" type="stmt"/>
        <line num="106" count="1" type="stmt"/>
      </file>
    </package>
    <package name="src.components.CreateDeckView.LanguagesField">
      <metrics statements="35" coveredstatements="35" conditionals="7" coveredconditionals="7" methods="4" coveredmethods="4"/>
      <file name="LanguagesField.styles.ts" path="C:\Users\apisarek\OneDrive - Capgemini\Documents\Onboarding_project\SimpleCards\frontend\src\components\CreateDeckView\LanguagesField\LanguagesField.styles.ts">
        <metrics statements="8" coveredstatements="8" conditionals="1" coveredconditionals="1" methods="1" coveredmethods="1"/>
        <line num="1" count="1" type="cond" truecount="1" falsecount="0"/>
        <line num="2" count="54" type="stmt"/>
        <line num="3" count="54" type="stmt"/>
        <line num="4" count="54" type="stmt"/>
        <line num="5" count="54" type="stmt"/>
        <line num="6" count="54" type="stmt"/>
        <line num="7" count="54" type="stmt"/>
        <line num="9" count="1" type="stmt"/>
      </file>
      <file name="LanguagesField.tsx" path="C:\Users\apisarek\OneDrive - Capgemini\Documents\Onboarding_project\SimpleCards\frontend\src\components\CreateDeckView\LanguagesField\LanguagesField.tsx">
        <metrics statements="27" coveredstatements="27" conditionals="6" coveredconditionals="6" methods="3" coveredmethods="3"/>
        <line num="1" count="1" type="stmt"/>
        <line num="3" count="1" type="stmt"/>
        <line num="5" count="1" type="cond" truecount="1" falsecount="0"/>
        <line num="7" count="54" type="stmt"/>
        <line num="8" count="54" type="stmt"/>
        <line num="9" count="54" type="stmt"/>
        <line num="10" count="54" type="stmt"/>
        <line num="11" count="54" type="stmt"/>
        <line num="12" count="54" type="cond" truecount="1" falsecount="0"/>
        <line num="13" count="54" type="stmt"/>
        <line num="14" count="54" type="cond" truecount="1" falsecount="0"/>
        <line num="15" count="2" type="cond" truecount="1" falsecount="0"/>
        <line num="16" count="2" type="cond" truecount="1" falsecount="0"/>
        <line num="17" count="12" type="stmt"/>
        <line num="18" count="12" type="stmt"/>
        <line num="19" count="12" type="stmt"/>
        <line num="20" count="12" type="cond" truecount="1" falsecount="0"/>
        <line num="21" count="2" type="stmt"/>
        <line num="22" count="2" type="stmt"/>
        <line num="23" count="2" type="stmt"/>
        <line num="25" count="12" type="stmt"/>
        <line num="26" count="12" type="stmt"/>
        <line num="27" count="2" type="stmt"/>
        <line num="28" count="54" type="stmt"/>
        <line num="29" count="54" type="stmt"/>
        <line num="31" count="54" type="stmt"/>
        <line num="33" count="1" type="stmt"/>
      </file>
    </package>
    <package name="src.components.EditView">
      <metrics statements="63" coveredstatements="52" conditionals="13" coveredconditionals="8" methods="6" coveredmethods="3"/>
      <file name="EditView.styles.ts" path="C:\Users\apisarek\OneDrive - Capgemini\Documents\Onboarding_project\SimpleCards\frontend\src\components\EditView\EditView.styles.ts">
        <metrics statements="6" coveredstatements="6" conditionals="1" coveredconditionals="1" methods="1" coveredmethods="1"/>
        <line num="1" count="1" type="cond" truecount="1" falsecount="0"/>
        <line num="2" count="11" type="stmt"/>
        <line num="3" count="11" type="stmt"/>
        <line num="4" count="11" type="stmt"/>
        <line num="5" count="11" type="stmt"/>
        <line num="7" count="1" type="stmt"/>
      </file>
      <file name="EditView.tsx" path="C:\Users\apisarek\OneDrive - Capgemini\Documents\Onboarding_project\SimpleCards\frontend\src\components\EditView\EditView.tsx">
        <metrics statements="57" coveredstatements="46" conditionals="12" coveredconditionals="7" methods="5" coveredmethods="2"/>
        <line num="1" count="1" type="stmt"/>
        <line num="2" count="1" type="stmt"/>
        <line num="3" count="1" type="stmt"/>
        <line num="4" count="1" type="stmt"/>
        <line num="5" count="1" type="stmt"/>
        <line num="7" count="1" type="stmt"/>
        <line num="8" count="1" type="stmt"/>
        <line num="10" count="11" type="cond" truecount="1" falsecount="0"/>
        <line num="12" count="11" type="stmt"/>
        <line num="13" count="11" type="stmt"/>
        <line num="14" count="11" type="stmt"/>
        <line num="15" count="11" type="stmt"/>
        <line num="16" count="11" type="stmt"/>
        <line num="17" count="11" type="stmt"/>
        <line num="18" count="11" type="stmt"/>
        <line num="19" count="11" type="stmt"/>
        <line num="20" count="11" type="stmt"/>
        <line num="22" count="11" type="stmt"/>
        <line num="23" count="0" type="stmt"/>
        <line num="24" count="0" type="stmt"/>
        <line num="25" count="0" type="stmt"/>
        <line num="26" count="0" type="stmt"/>
        <line num="28" count="11" type="stmt"/>
        <line num="29" count="0" type="stmt"/>
        <line num="30" count="0" type="stmt"/>
        <line num="32" count="11" type="stmt"/>
        <line num="33" count="0" type="stmt"/>
        <line num="34" count="0" type="stmt"/>
        <line num="36" count="11" type="cond" truecount="1" falsecount="0"/>
        <line num="37" count="9" type="cond" truecount="1" falsecount="0"/>
        <line num="38" count="9" type="stmt"/>
        <line num="39" count="9" type="stmt"/>
        <line num="40" count="9" type="stmt"/>
        <line num="41" count="9" type="stmt"/>
        <line num="42" count="9" type="cond" truecount="0" falsecount="1"/>
        <line num="43" count="0" type="stmt"/>
        <line num="44" count="0" type="stmt"/>
        <line num="45" count="9" type="stmt"/>
        <line num="46" count="9" type="stmt"/>
        <line num="47" count="11" type="stmt"/>
        <line num="49" count="11" type="cond" truecount="1" falsecount="0"/>
        <line num="50" count="9" type="cond" truecount="0" falsecount="1"/>
        <line num="51" count="0" type="stmt"/>
        <line num="52" count="9" type="stmt"/>
        <line num="53" count="9" type="cond" truecount="2" falsecount="0"/>
        <line num="54" count="9" type="stmt"/>
        <line num="55" count="9" type="stmt"/>
        <line num="56" count="11" type="stmt"/>
        <line num="58" count="11" type="stmt"/>
        <line num="59" count="11" type="stmt"/>
        <line num="60" count="11" type="cond" truecount="1" falsecount="0"/>
        <line num="61" count="11" type="stmt"/>
        <line num="62" count="11" type="cond" truecount="0" falsecount="2"/>
        <line num="63" count="11" type="cond" truecount="0" falsecount="1"/>
        <line num="64" count="11" type="stmt"/>
        <line num="66" count="11" type="stmt"/>
        <line num="68" count="1" type="stmt"/>
      </file>
    </package>
    <package name="src.components.EditView.Card">
      <metrics statements="60" coveredstatements="52" conditionals="10" coveredconditionals="7" methods="6" coveredmethods="5"/>
      <file name="Card.styles.ts" path="C:\Users\apisarek\OneDrive - Capgemini\Documents\Onboarding_project\SimpleCards\frontend\src\components\EditView\Card\Card.styles.ts">
        <metrics statements="10" coveredstatements="10" conditionals="1" coveredconditionals="1" methods="1" coveredmethods="1"/>
        <line num="1" count="1" type="cond" truecount="1" falsecount="0"/>
        <line num="2" count="37" type="stmt"/>
        <line num="3" count="37" type="stmt"/>
        <line num="4" count="37" type="stmt"/>
        <line num="5" count="37" type="stmt"/>
        <line num="6" count="37" type="stmt"/>
        <line num="7" count="37" type="stmt"/>
        <line num="8" count="37" type="stmt"/>
        <line num="9" count="37" type="stmt"/>
        <line num="11" count="1" type="stmt"/>
      </file>
      <file name="Card.tsx" path="C:\Users\apisarek\OneDrive - Capgemini\Documents\Onboarding_project\SimpleCards\frontend\src\components\EditView\Card\Card.tsx">
        <metrics statements="50" coveredstatements="42" conditionals="9" coveredconditionals="6" methods="5" coveredmethods="4"/>
        <line num="1" count="1" type="stmt"/>
        <line num="2" count="1" type="stmt"/>
        <line num="4" count="1" type="stmt"/>
        <line num="5" count="1" type="stmt"/>
        <line num="6" count="1" type="stmt"/>
        <line num="8" count="1" type="cond" truecount="1" falsecount="0"/>
        <line num="10" count="37" type="stmt"/>
        <line num="11" count="37" type="stmt"/>
        <line num="12" count="37" type="stmt"/>
        <line num="13" count="37" type="stmt"/>
        <line num="14" count="37" type="stmt"/>
        <line num="15" count="37" type="stmt"/>
        <line num="16" count="37" type="stmt"/>
        <line num="18" count="37" type="stmt"/>
        <line num="19" count="37" type="stmt"/>
        <line num="20" count="37" type="stmt"/>
        <line num="21" count="0" type="stmt"/>
        <line num="22" count="0" type="stmt"/>
        <line num="23" count="0" type="stmt"/>
        <line num="24" count="0" type="stmt"/>
        <line num="25" count="0" type="stmt"/>
        <line num="26" count="37" type="stmt"/>
        <line num="28" count="37" type="cond" truecount="1" falsecount="0"/>
        <line num="29" count="19" type="cond" truecount="0" falsecount="1"/>
        <line num="30" count="0" type="stmt"/>
        <line num="31" count="19" type="stmt"/>
        <line num="32" count="19" type="stmt"/>
        <line num="33" count="19" type="stmt"/>
        <line num="34" count="37" type="stmt"/>
        <line num="36" count="37" type="cond" truecount="1" falsecount="0"/>
        <line num="37" count="2" type="stmt"/>
        <line num="38" count="2" type="stmt"/>
        <line num="40" count="37" type="cond" truecount="1" falsecount="0"/>
        <line num="41" count="1" type="stmt"/>
        <line num="42" count="1" type="stmt"/>
        <line num="44" count="37" type="stmt"/>
        <line num="45" count="0" type="stmt"/>
        <line num="46" count="0" type="stmt"/>
        <line num="48" count="37" type="stmt"/>
        <line num="49" count="37" type="stmt"/>
        <line num="50" count="37" type="cond" truecount="0" falsecount="1"/>
        <line num="51" count="37" type="stmt"/>
        <line num="52" count="37" type="cond" truecount="1" falsecount="0"/>
        <line num="53" count="37" type="stmt"/>
        <line num="54" count="37" type="stmt"/>
        <line num="55" count="37" type="stmt"/>
        <line num="56" count="37" type="cond" truecount="1" falsecount="1"/>
        <line num="57" count="37" type="stmt"/>
        <line num="59" count="37" type="stmt"/>
        <line num="61" count="1" type="stmt"/>
      </file>
    </package>
    <package name="src.components.EditView.CardsList">
      <metrics statements="75" coveredstatements="55" conditionals="11" coveredconditionals="10" methods="5" coveredmethods="3"/>
      <file name="CardsList.styles.ts" path="C:\Users\apisarek\OneDrive - Capgemini\Documents\Onboarding_project\SimpleCards\frontend\src\components\EditView\CardsList\CardsList.styles.ts">
        <metrics statements="10" coveredstatements="10" conditionals="1" coveredconditionals="1" methods="1" coveredmethods="1"/>
        <line num="1" count="1" type="cond" truecount="1" falsecount="0"/>
        <line num="2" count="13" type="stmt"/>
        <line num="3" count="13" type="stmt"/>
        <line num="4" count="13" type="stmt"/>
        <line num="5" count="13" type="stmt"/>
        <line num="6" count="13" type="stmt"/>
        <line num="7" count="13" type="stmt"/>
        <line num="8" count="13" type="stmt"/>
        <line num="9" count="13" type="stmt"/>
        <line num="11" count="1" type="stmt"/>
      </file>
      <file name="CardsList.tsx" path="C:\Users\apisarek\OneDrive - Capgemini\Documents\Onboarding_project\SimpleCards\frontend\src\components\EditView\CardsList\CardsList.tsx">
        <metrics statements="65" coveredstatements="45" conditionals="10" coveredconditionals="9" methods="4" coveredmethods="2"/>
        <line num="1" count="1" type="stmt"/>
        <line num="2" count="1" type="stmt"/>
        <line num="3" count="1" type="stmt"/>
        <line num="4" count="1" type="stmt"/>
        <line num="6" count="1" type="stmt"/>
        <line num="8" count="1" type="cond" truecount="1" falsecount="0"/>
        <line num="10" count="13" type="stmt"/>
        <line num="11" count="13" type="stmt"/>
        <line num="12" count="13" type="stmt"/>
        <line num="13" count="13" type="stmt"/>
        <line num="15" count="13" type="stmt"/>
        <line num="16" count="13" type="stmt"/>
        <line num="17" count="13" type="stmt"/>
        <line num="18" count="13" type="stmt"/>
        <line num="19" count="0" type="stmt"/>
        <line num="20" count="0" type="stmt"/>
        <line num="21" count="0" type="stmt"/>
        <line num="22" count="0" type="stmt"/>
        <line num="23" count="0" type="stmt"/>
        <line num="24" count="13" type="stmt"/>
        <line num="26" count="13" type="cond" truecount="1" falsecount="0"/>
        <line num="27" count="4" type="cond" truecount="0" falsecount="1"/>
        <line num="28" count="0" type="stmt"/>
        <line num="29" count="4" type="stmt"/>
        <line num="30" count="4" type="stmt"/>
        <line num="31" count="4" type="stmt"/>
        <line num="32" count="13" type="stmt"/>
        <line num="34" count="13" type="stmt"/>
        <line num="35" count="0" type="stmt"/>
        <line num="36" count="0" type="stmt"/>
        <line num="37" count="0" type="stmt"/>
        <line num="38" count="0" type="stmt"/>
        <line num="39" count="0" type="stmt"/>
        <line num="41" count="13" type="stmt"/>
        <line num="42" count="0" type="stmt"/>
        <line num="43" count="0" type="stmt"/>
        <line num="44" count="0" type="stmt"/>
        <line num="45" count="0" type="stmt"/>
        <line num="46" count="0" type="stmt"/>
        <line num="47" count="0" type="stmt"/>
        <line num="48" count="0" type="stmt"/>
        <line num="49" count="0" type="stmt"/>
        <line num="50" count="0" type="stmt"/>
        <line num="52" count="13" type="stmt"/>
        <line num="53" count="13" type="stmt"/>
        <line num="54" count="13" type="cond" truecount="1" falsecount="0"/>
        <line num="55" count="13" type="cond" truecount="1" falsecount="0"/>
        <line num="56" count="13" type="cond" truecount="2" falsecount="0"/>
        <line num="57" count="13" type="stmt"/>
        <line num="58" count="13" type="cond" truecount="1" falsecount="0"/>
        <line num="59" count="20" type="cond" truecount="1" falsecount="0"/>
        <line num="60" count="20" type="stmt"/>
        <line num="61" count="20" type="stmt"/>
        <line num="62" count="20" type="stmt"/>
        <line num="63" count="20" type="stmt"/>
        <line num="64" count="20" type="stmt"/>
        <line num="65" count="20" type="stmt"/>
        <line num="66" count="20" type="stmt"/>
        <line num="67" count="20" type="stmt"/>
        <line num="68" count="13" type="stmt"/>
        <line num="69" count="13" type="cond" truecount="1" falsecount="0"/>
        <line num="70" count="13" type="stmt"/>
        <line num="71" count="13" type="stmt"/>
        <line num="73" count="13" type="stmt"/>
        <line num="75" count="1" type="stmt"/>
      </file>
    </package>
    <package name="src.components.EditView.CreateCard">
      <metrics statements="67" coveredstatements="66" conditionals="12" coveredconditionals="11" methods="6" coveredmethods="6"/>
      <file name="CreateCard.styles.ts" path="C:\Users\apisarek\OneDrive - Capgemini\Documents\Onboarding_project\SimpleCards\frontend\src\components\EditView\CreateCard\CreateCard.styles.ts">
        <metrics statements="11" coveredstatements="11" conditionals="1" coveredconditionals="1" methods="1" coveredmethods="1"/>
        <line num="1" count="1" type="cond" truecount="1" falsecount="0"/>
        <line num="2" count="4" type="stmt"/>
        <line num="3" count="4" type="stmt"/>
        <line num="4" count="4" type="stmt"/>
        <line num="5" count="4" type="stmt"/>
        <line num="6" count="4" type="stmt"/>
        <line num="7" count="4" type="stmt"/>
        <line num="8" count="4" type="stmt"/>
        <line num="9" count="4" type="stmt"/>
        <line num="10" count="4" type="stmt"/>
        <line num="12" count="1" type="stmt"/>
      </file>
      <file name="CreateCard.tsx" path="C:\Users\apisarek\OneDrive - Capgemini\Documents\Onboarding_project\SimpleCards\frontend\src\components\EditView\CreateCard\CreateCard.tsx">
        <metrics statements="56" coveredstatements="55" conditionals="11" coveredconditionals="10" methods="5" coveredmethods="5"/>
        <line num="1" count="1" type="stmt"/>
        <line num="2" count="1" type="stmt"/>
        <line num="3" count="1" type="stmt"/>
        <line num="6" count="1" type="cond" truecount="1" falsecount="0"/>
        <line num="8" count="4" type="stmt"/>
        <line num="9" count="4" type="stmt"/>
        <line num="10" count="4" type="stmt"/>
        <line num="11" count="4" type="stmt"/>
        <line num="12" count="4" type="stmt"/>
        <line num="13" count="4" type="stmt"/>
        <line num="14" count="4" type="stmt"/>
        <line num="15" count="4" type="stmt"/>
        <line num="18" count="4" type="cond" truecount="1" falsecount="0"/>
        <line num="19" count="1" type="cond" truecount="0" falsecount="1"/>
        <line num="20" count="0" type="stmt"/>
        <line num="21" count="1" type="stmt"/>
        <line num="22" count="1" type="stmt"/>
        <line num="23" count="1" type="stmt"/>
        <line num="24" count="1" type="stmt"/>
        <line num="25" count="1" type="stmt"/>
        <line num="27" count="4" type="cond" truecount="1" falsecount="0"/>
        <line num="28" count="1" type="stmt"/>
        <line num="29" count="1" type="stmt"/>
        <line num="30" count="1" type="stmt"/>
        <line num="31" count="1" type="stmt"/>
        <line num="32" count="1" type="stmt"/>
        <line num="33" count="1" type="stmt"/>
        <line num="34" count="1" type="stmt"/>
        <line num="35" count="1" type="stmt"/>
        <line num="36" count="1" type="stmt"/>
        <line num="37" count="1" type="stmt"/>
        <line num="38" count="1" type="stmt"/>
        <line num="39" count="1" type="stmt"/>
        <line num="40" count="1" type="cond" truecount="1" falsecount="0"/>
        <line num="41" count="1" type="stmt"/>
        <line num="42" count="1" type="stmt"/>
        <line num="44" count="4" type="cond" truecount="1" falsecount="0"/>
        <line num="45" count="4" type="cond" truecount="1" falsecount="0"/>
        <line num="46" count="4" type="stmt"/>
        <line num="48" count="4" type="stmt"/>
        <line num="49" count="4" type="stmt"/>
        <line num="50" count="4" type="stmt"/>
        <line num="51" count="4" type="stmt"/>
        <line num="52" count="4" type="stmt"/>
        <line num="53" count="4" type="cond" truecount="1" falsecount="0"/>
        <line num="54" count="4" type="stmt"/>
        <line num="55" count="4" type="stmt"/>
        <line num="56" count="4" type="stmt"/>
        <line num="57" count="4" type="stmt"/>
        <line num="58" count="4" type="cond" truecount="1" falsecount="0"/>
        <line num="59" count="4" type="stmt"/>
        <line num="60" count="4" type="cond" truecount="2" falsecount="0"/>
        <line num="61" count="4" type="stmt"/>
        <line num="62" count="4" type="stmt"/>
        <line num="64" count="4" type="stmt"/>
        <line num="66" count="1" type="stmt"/>
      </file>
    </package>
    <package name="src.components.EditView.EditCard">
      <metrics statements="85" coveredstatements="80" conditionals="19" coveredconditionals="12" methods="10" coveredmethods="8"/>
      <file name="EditCard.styles.ts" path="C:\Users\apisarek\OneDrive - Capgemini\Documents\Onboarding_project\SimpleCards\frontend\src\components\EditView\EditCard\EditCard.styles.ts">
        <metrics statements="11" coveredstatements="11" conditionals="1" coveredconditionals="1" methods="1" coveredmethods="1"/>
        <line num="1" count="1" type="cond" truecount="1" falsecount="0"/>
        <line num="2" count="5" type="stmt"/>
        <line num="3" count="5" type="stmt"/>
        <line num="4" count="5" type="stmt"/>
        <line num="5" count="5" type="stmt"/>
        <line num="6" count="5" type="stmt"/>
        <line num="7" count="5" type="stmt"/>
        <line num="8" count="5" type="stmt"/>
        <line num="9" count="5" type="stmt"/>
        <line num="10" count="5" type="stmt"/>
        <line num="12" count="1" type="stmt"/>
      </file>
      <file name="EditCard.tsx" path="C:\Users\apisarek\OneDrive - Capgemini\Documents\Onboarding_project\SimpleCards\frontend\src\components\EditView\EditCard\EditCard.tsx">
        <metrics statements="74" coveredstatements="69" conditionals="18" coveredconditionals="11" methods="9" coveredmethods="7"/>
        <line num="1" count="1" type="stmt"/>
        <line num="2" count="1" type="stmt"/>
        <line num="4" count="1" type="stmt"/>
        <line num="6" count="1" type="cond" truecount="1" falsecount="0"/>
        <line num="8" count="5" type="stmt"/>
        <line num="9" count="5" type="stmt"/>
        <line num="10" count="5" type="stmt"/>
        <line num="11" count="5" type="cond" truecount="0" falsecount="1"/>
        <line num="12" count="5" type="cond" truecount="0" falsecount="1"/>
        <line num="13" count="5" type="stmt"/>
        <line num="14" count="5" type="stmt"/>
        <line num="15" count="5" type="stmt"/>
        <line num="17" count="5" type="cond" truecount="1" falsecount="0"/>
        <line num="18" count="5" type="cond" truecount="1" falsecount="0"/>
        <line num="19" count="5" type="stmt"/>
        <line num="21" count="5" type="cond" truecount="1" falsecount="0"/>
        <line num="22" count="10" type="stmt"/>
        <line num="23" count="10" type="stmt"/>
        <line num="25" count="5" type="cond" truecount="1" falsecount="0"/>
        <line num="26" count="7" type="stmt"/>
        <line num="27" count="7" type="stmt"/>
        <line num="29" count="5" type="stmt"/>
        <line num="30" count="0" type="stmt"/>
        <line num="31" count="0" type="stmt"/>
        <line num="34" count="5" type="stmt"/>
        <line num="35" count="0" type="stmt"/>
        <line num="36" count="0" type="stmt"/>
        <line num="38" count="5" type="cond" truecount="1" falsecount="0"/>
        <line num="39" count="2" type="cond" truecount="0" falsecount="1"/>
        <line num="40" count="2" type="cond" truecount="0" falsecount="1"/>
        <line num="41" count="5" type="stmt"/>
        <line num="43" count="5" type="cond" truecount="1" falsecount="0"/>
        <line num="44" count="1" type="cond" truecount="0" falsecount="1"/>
        <line num="45" count="0" type="stmt"/>
        <line num="46" count="1" type="stmt"/>
        <line num="47" count="1" type="stmt"/>
        <line num="48" count="1" type="stmt"/>
        <line num="49" count="1" type="stmt"/>
        <line num="50" count="1" type="stmt"/>
        <line num="52" count="5" type="cond" truecount="1" falsecount="0"/>
        <line num="53" count="1" type="stmt"/>
        <line num="54" count="1" type="stmt"/>
        <line num="55" count="1" type="stmt"/>
        <line num="56" count="1" type="stmt"/>
        <line num="57" count="1" type="stmt"/>
        <line num="58" count="1" type="stmt"/>
        <line num="60" count="1" type="stmt"/>
        <line num="61" count="1" type="stmt"/>
        <line num="62" count="1" type="stmt"/>
        <line num="63" count="1" type="stmt"/>
        <line num="64" count="1" type="stmt"/>
        <line num="65" count="1" type="stmt"/>
        <line num="66" count="1" type="stmt"/>
        <line num="67" count="1" type="stmt"/>
        <line num="68" count="1" type="cond" truecount="1" falsecount="0"/>
        <line num="69" count="1" type="stmt"/>
        <line num="71" count="1" type="stmt"/>
        <line num="74" count="5" type="stmt"/>
        <line num="75" count="5" type="stmt"/>
        <line num="76" count="5" type="stmt"/>
        <line num="77" count="5" type="stmt"/>
        <line num="78" count="5" type="stmt"/>
        <line num="79" count="5" type="cond" truecount="0" falsecount="1"/>
        <line num="80" count="5" type="stmt"/>
        <line num="81" count="5" type="stmt"/>
        <line num="82" count="5" type="stmt"/>
        <line num="83" count="5" type="stmt"/>
        <line num="84" count="5" type="cond" truecount="0" falsecount="1"/>
        <line num="85" count="5" type="stmt"/>
        <line num="86" count="5" type="cond" truecount="2" falsecount="0"/>
        <line num="87" count="5" type="stmt"/>
        <line num="88" count="5" type="stmt"/>
        <line num="90" count="5" type="stmt"/>
        <line num="92" count="1" type="stmt"/>
      </file>
    </package>
    <package name="src.components.EditView.EditDeck">
      <metrics statements="153" coveredstatements="145" conditionals="24" coveredconditionals="23" methods="13" coveredmethods="11"/>
      <file name="EditDeck.styles.ts" path="C:\Users\apisarek\OneDrive - Capgemini\Documents\Onboarding_project\SimpleCards\frontend\src\components\EditView\EditDeck\EditDeck.styles.ts">
        <metrics statements="17" coveredstatements="17" conditionals="1" coveredconditionals="1" methods="1" coveredmethods="1"/>
        <line num="1" count="1" type="cond" truecount="1" falsecount="0"/>
        <line num="2" count="15" type="stmt"/>
        <line num="3" count="15" type="stmt"/>
        <line num="4" count="15" type="stmt"/>
        <line num="5" count="15" type="stmt"/>
        <line num="6" count="15" type="stmt"/>
        <line num="7" count="15" type="stmt"/>
        <line num="8" count="15" type="stmt"/>
        <line num="9" count="15" type="stmt"/>
        <line num="10" count="15" type="stmt"/>
        <line num="11" count="15" type="stmt"/>
        <line num="12" count="15" type="stmt"/>
        <line num="13" count="15" type="stmt"/>
        <line num="14" count="15" type="stmt"/>
        <line num="15" count="15" type="stmt"/>
        <line num="16" count="15" type="stmt"/>
        <line num="18" count="1" type="stmt"/>
      </file>
      <file name="EditDeck.tsx" path="C:\Users\apisarek\OneDrive - Capgemini\Documents\Onboarding_project\SimpleCards\frontend\src\components\EditView\EditDeck\EditDeck.tsx">
        <metrics statements="136" coveredstatements="128" conditionals="23" coveredconditionals="22" methods="12" coveredmethods="10"/>
        <line num="1" count="1" type="stmt"/>
        <line num="2" count="1" type="stmt"/>
        <line num="3" count="1" type="stmt"/>
        <line num="5" count="1" type="stmt"/>
        <line num="7" count="15" type="cond" truecount="1" falsecount="0"/>
        <line num="9" count="15" type="stmt"/>
        <line num="10" count="15" type="stmt"/>
        <line num="11" count="15" type="stmt"/>
        <line num="12" count="15" type="stmt"/>
        <line num="13" count="15" type="stmt"/>
        <line num="14" count="15" type="stmt"/>
        <line num="15" count="15" type="stmt"/>
        <line num="16" count="15" type="stmt"/>
        <line num="17" count="15" type="stmt"/>
        <line num="18" count="15" type="stmt"/>
        <line num="19" count="15" type="stmt"/>
        <line num="20" count="15" type="stmt"/>
        <line num="21" count="15" type="stmt"/>
        <line num="22" count="15" type="stmt"/>
        <line num="23" count="15" type="stmt"/>
        <line num="24" count="15" type="stmt"/>
        <line num="25" count="15" type="stmt"/>
        <line num="26" count="15" type="stmt"/>
        <line num="27" count="15" type="stmt"/>
        <line num="28" count="15" type="stmt"/>
        <line num="29" count="15" type="stmt"/>
        <line num="30" count="15" type="stmt"/>
        <line num="31" count="15" type="stmt"/>
        <line num="33" count="15" type="cond" truecount="1" falsecount="0"/>
        <line num="34" count="6" type="cond" truecount="1" falsecount="0"/>
        <line num="35" count="6" type="stmt"/>
        <line num="36" count="6" type="cond" truecount="1" falsecount="0"/>
        <line num="37" count="6" type="cond" truecount="1" falsecount="0"/>
        <line num="38" count="6" type="stmt"/>
        <line num="39" count="6" type="stmt"/>
        <line num="40" count="6" type="stmt"/>
        <line num="41" count="6" type="stmt"/>
        <line num="42" count="6" type="stmt"/>
        <line num="43" count="6" type="stmt"/>
        <line num="44" count="6" type="stmt"/>
        <line num="45" count="6" type="stmt"/>
        <line num="46" count="6" type="stmt"/>
        <line num="47" count="6" type="stmt"/>
        <line num="48" count="6" type="stmt"/>
        <line num="49" count="6" type="stmt"/>
        <line num="50" count="6" type="stmt"/>
        <line num="51" count="6" type="stmt"/>
        <line num="52" count="6" type="stmt"/>
        <line num="53" count="6" type="stmt"/>
        <line num="54" count="6" type="stmt"/>
        <line num="55" count="15" type="stmt"/>
        <line num="57" count="15" type="cond" truecount="1" falsecount="0"/>
        <line num="58" count="30" type="cond" truecount="1" falsecount="0"/>
        <line num="59" count="100" type="cond" truecount="1" falsecount="0"/>
        <line num="60" count="20" type="stmt"/>
        <line num="61" count="20" type="stmt"/>
        <line num="62" count="100" type="cond" truecount="1" falsecount="0"/>
        <line num="63" count="10" type="stmt"/>
        <line num="64" count="30" type="stmt"/>
        <line num="66" count="15" type="stmt"/>
        <line num="67" count="0" type="stmt"/>
        <line num="68" count="0" type="stmt"/>
        <line num="69" count="0" type="stmt"/>
        <line num="71" count="15" type="stmt"/>
        <line num="72" count="0" type="stmt"/>
        <line num="73" count="0" type="stmt"/>
        <line num="74" count="0" type="stmt"/>
        <line num="76" count="15" type="cond" truecount="1" falsecount="0"/>
        <line num="77" count="1" type="stmt"/>
        <line num="78" count="1" type="stmt"/>
        <line num="80" count="15" type="cond" truecount="1" falsecount="0"/>
        <line num="81" count="15" type="cond" truecount="2" falsecount="0"/>
        <line num="82" count="7" type="cond" truecount="1" falsecount="0"/>
        <line num="83" count="7" type="cond" truecount="1" falsecount="0"/>
        <line num="84" count="7" type="stmt"/>
        <line num="85" count="15" type="stmt"/>
        <line num="87" count="15" type="cond" truecount="1" falsecount="0"/>
        <line num="88" count="1" type="stmt"/>
        <line num="89" count="1" type="stmt"/>
        <line num="90" count="1" type="stmt"/>
        <line num="91" count="1" type="cond" truecount="0" falsecount="1"/>
        <line num="92" count="0" type="stmt"/>
        <line num="93" count="0" type="stmt"/>
        <line num="94" count="1" type="stmt"/>
        <line num="96" count="15" type="cond" truecount="1" falsecount="0"/>
        <line num="97" count="1" type="stmt"/>
        <line num="98" count="1" type="stmt"/>
        <line num="99" count="1" type="stmt"/>
        <line num="100" count="1" type="stmt"/>
        <line num="101" count="1" type="stmt"/>
        <line num="102" count="1" type="stmt"/>
        <line num="103" count="1" type="stmt"/>
        <line num="104" count="1" type="stmt"/>
        <line num="105" count="1" type="stmt"/>
        <line num="106" count="1" type="stmt"/>
        <line num="107" count="1" type="stmt"/>
        <line num="108" count="1" type="stmt"/>
        <line num="109" count="1" type="stmt"/>
        <line num="110" count="1" type="stmt"/>
        <line num="111" count="1" type="cond" truecount="1" falsecount="0"/>
        <line num="112" count="1" type="stmt"/>
        <line num="113" count="1" type="stmt"/>
        <line num="115" count="15" type="stmt"/>
        <line num="116" count="15" type="stmt"/>
        <line num="117" count="15" type="stmt"/>
        <line num="118" count="15" type="stmt"/>
        <line num="119" count="15" type="stmt"/>
        <line num="120" count="15" type="stmt"/>
        <line num="121" count="15" type="stmt"/>
        <line num="122" count="15" type="stmt"/>
        <line num="123" count="15" type="stmt"/>
        <line num="124" count="15" type="stmt"/>
        <line num="125" count="15" type="cond" truecount="1" falsecount="0"/>
        <line num="126" count="15" type="stmt"/>
        <line num="127" count="15" type="stmt"/>
        <line num="128" count="15" type="stmt"/>
        <line num="129" count="15" type="stmt"/>
        <line num="130" count="15" type="stmt"/>
        <line num="131" count="15" type="cond" truecount="1" falsecount="0"/>
        <line num="132" count="15" type="stmt"/>
        <line num="133" count="15" type="stmt"/>
        <line num="134" count="15" type="stmt"/>
        <line num="135" count="15" type="stmt"/>
        <line num="136" count="15" type="stmt"/>
        <line num="137" count="15" type="stmt"/>
        <line num="138" count="15" type="stmt"/>
        <line num="139" count="15" type="stmt"/>
        <line num="140" count="15" type="stmt"/>
        <line num="141" count="15" type="stmt"/>
        <line num="142" count="15" type="stmt"/>
        <line num="143" count="15" type="stmt"/>
        <line num="144" count="15" type="cond" truecount="2" falsecount="0"/>
        <line num="145" count="15" type="stmt"/>
        <line num="146" count="15" type="stmt"/>
        <line num="148" count="15" type="stmt"/>
        <line num="150" count="1" type="stmt"/>
      </file>
    </package>
    <package name="src.components.EditView.EditText">
      <metrics statements="23" coveredstatements="23" conditionals="5" coveredconditionals="5" methods="4" coveredmethods="3"/>
      <file name="EditText.styles.ts" path="C:\Users\apisarek\OneDrive - Capgemini\Documents\Onboarding_project\SimpleCards\frontend\src\components\EditView\EditText\EditText.styles.ts">
        <metrics statements="7" coveredstatements="7" conditionals="1" coveredconditionals="1" methods="1" coveredmethods="1"/>
        <line num="1" count="1" type="cond" truecount="1" falsecount="0"/>
        <line num="2" count="16" type="stmt"/>
        <line num="3" count="16" type="stmt"/>
        <line num="4" count="16" type="stmt"/>
        <line num="5" count="16" type="stmt"/>
        <line num="6" count="16" type="stmt"/>
        <line num="8" count="1" type="stmt"/>
      </file>
      <file name="EditText.tsx" path="C:\Users\apisarek\OneDrive - Capgemini\Documents\Onboarding_project\SimpleCards\frontend\src\components\EditView\EditText\EditText.tsx">
        <metrics statements="16" coveredstatements="16" conditionals="4" coveredconditionals="4" methods="3" coveredmethods="2"/>
        <line num="1" count="1" type="stmt"/>
        <line num="2" count="1" type="stmt"/>
        <line num="5" count="1" type="cond" truecount="1" falsecount="0"/>
        <line num="7" count="16" type="stmt"/>
        <line num="9" count="16" type="stmt"/>
        <line num="10" count="16" type="stmt"/>
        <line num="11" count="16" type="stmt"/>
        <line num="12" count="16" type="stmt"/>
        <line num="13" count="16" type="stmt"/>
        <line num="14" count="16" type="stmt"/>
        <line num="15" count="16" type="cond" truecount="1" falsecount="0"/>
        <line num="16" count="16" type="stmt"/>
        <line num="17" count="16" type="cond" truecount="2" falsecount="0"/>
        <line num="19" count="16" type="stmt"/>
        <line num="21" count="16" type="stmt"/>
        <line num="23" count="1" type="stmt"/>
      </file>
    </package>
    <package name="src.components.LoginView">
      <metrics statements="15" coveredstatements="0" conditionals="1" coveredconditionals="0" methods="1" coveredmethods="0"/>
      <file name="LoginView.tsx" path="C:\Users\apisarek\OneDrive - Capgemini\Documents\Onboarding_project\SimpleCards\frontend\src\components\LoginView\LoginView.tsx">
        <metrics statements="15" coveredstatements="0" conditionals="1" coveredconditionals="0" methods="1" coveredmethods="0"/>
        <line num="1" count="0" type="cond" truecount="0" falsecount="1"/>
        <line num="2" count="0" type="stmt"/>
        <line num="3" count="0" type="stmt"/>
        <line num="4" count="0" type="stmt"/>
        <line num="5" count="0" type="stmt"/>
        <line num="6" count="0" type="stmt"/>
        <line num="7" count="0" type="stmt"/>
        <line num="8" count="0" type="stmt"/>
        <line num="9" count="0" type="stmt"/>
        <line num="10" count="0" type="stmt"/>
        <line num="11" count="0" type="stmt"/>
        <line num="12" count="0" type="stmt"/>
        <line num="13" count="0" type="stmt"/>
        <line num="14" count="0" type="stmt"/>
        <line num="15" count="0" type="stmt"/>
      </file>
    </package>
    <package name="src.components.LoginView.Banner">
      <metrics statements="21" coveredstatements="0" conditionals="2" coveredconditionals="0" methods="2" coveredmethods="0"/>
      <file name="Banner.styles.ts" path="C:\Users\apisarek\OneDrive - Capgemini\Documents\Onboarding_project\SimpleCards\frontend\src\components\LoginView\Banner\Banner.styles.ts">
        <metrics statements="8" coveredstatements="0" conditionals="1" coveredconditionals="0" methods="1" coveredmethods="0"/>
        <line num="1" count="0" type="cond" truecount="0" falsecount="1"/>
        <line num="2" count="0" type="stmt"/>
        <line num="3" count="0" type="stmt"/>
        <line num="4" count="0" type="stmt"/>
        <line num="5" count="0" type="stmt"/>
        <line num="6" count="0" type="stmt"/>
        <line num="7" count="0" type="stmt"/>
        <line num="8" count="0" type="stmt"/>
      </file>
      <file name="Banner.tsx" path="C:\Users\apisarek\OneDrive - Capgemini\Documents\Onboarding_project\SimpleCards\frontend\src\components\LoginView\Banner\Banner.tsx">
        <metrics statements="13" coveredstatements="0" conditionals="1" coveredconditionals="0" methods="1" coveredmethods="0"/>
        <line num="1" count="0" type="cond" truecount="0" falsecount="1"/>
        <line num="2" count="0" type="stmt"/>
        <line num="3" count="0" type="stmt"/>
        <line num="4" count="0" type="stmt"/>
        <line num="5" count="0" type="stmt"/>
        <line num="6" count="0" type="stmt"/>
        <line num="7" count="0" type="stmt"/>
        <line num="8" count="0" type="stmt"/>
        <line num="9" count="0" type="stmt"/>
        <line num="10" count="0" type="stmt"/>
        <line num="11" count="0" type="stmt"/>
        <line num="12" count="0" type="stmt"/>
        <line num="13" count="0" type="stmt"/>
      </file>
    </package>
    <package name="src.components.LoginView.LoginForm">
      <metrics statements="82" coveredstatements="0" conditionals="2" coveredconditionals="0" methods="2" coveredmethods="0"/>
      <file name="LoginForm.styles.ts" path="C:\Users\apisarek\OneDrive - Capgemini\Documents\Onboarding_project\SimpleCards\frontend\src\components\LoginView\LoginForm\LoginForm.styles.ts">
        <metrics statements="14" coveredstatements="0" conditionals="1" coveredconditionals="0" methods="1" coveredmethods="0"/>
        <line num="1" count="0" type="cond" truecount="0" falsecount="1"/>
        <line num="2" count="0" type="stmt"/>
        <line num="3" count="0" type="stmt"/>
        <line num="4" count="0" type="stmt"/>
        <line num="5" count="0" type="stmt"/>
        <line num="6" count="0" type="stmt"/>
        <line num="7" count="0" type="stmt"/>
        <line num="8" count="0" type="stmt"/>
        <line num="9" count="0" type="stmt"/>
        <line num="10" count="0" type="stmt"/>
        <line num="11" count="0" type="stmt"/>
        <line num="12" count="0" type="stmt"/>
        <line num="13" count="0" type="stmt"/>
        <line num="14" count="0" type="stmt"/>
      </file>
      <file name="LoginForm.tsx" path="C:\Users\apisarek\OneDrive - Capgemini\Documents\Onboarding_project\SimpleCards\frontend\src\components\LoginView\LoginForm\LoginForm.tsx">
        <metrics statements="68" coveredstatements="0" conditionals="1" coveredconditionals="0" methods="1" coveredmethods="0"/>
        <line num="1" count="0" type="cond" truecount="0" falsecount="1"/>
        <line num="2" count="0" type="stmt"/>
        <line num="3" count="0" type="stmt"/>
        <line num="4" count="0" type="stmt"/>
        <line num="5" count="0" type="stmt"/>
        <line num="6" count="0" type="stmt"/>
        <line num="7" count="0" type="stmt"/>
        <line num="8" count="0" type="stmt"/>
        <line num="9" count="0" type="stmt"/>
        <line num="10" count="0" type="stmt"/>
        <line num="11" count="0" type="stmt"/>
        <line num="12" count="0" type="stmt"/>
        <line num="13" count="0" type="stmt"/>
        <line num="14" count="0" type="stmt"/>
        <line num="15" count="0" type="stmt"/>
        <line num="16" count="0" type="stmt"/>
        <line num="17" count="0" type="stmt"/>
        <line num="18" count="0" type="stmt"/>
        <line num="19" count="0" type="stmt"/>
        <line num="20" count="0" type="stmt"/>
        <line num="21" count="0" type="stmt"/>
        <line num="22" count="0" type="stmt"/>
        <line num="23" count="0" type="stmt"/>
        <line num="24" count="0" type="stmt"/>
        <line num="25" count="0" type="stmt"/>
        <line num="26" count="0" type="stmt"/>
        <line num="27" count="0" type="stmt"/>
        <line num="28" count="0" type="stmt"/>
        <line num="29" count="0" type="stmt"/>
        <line num="30" count="0" type="stmt"/>
        <line num="31" count="0" type="stmt"/>
        <line num="32" count="0" type="stmt"/>
        <line num="33" count="0" type="stmt"/>
        <line num="34" count="0" type="stmt"/>
        <line num="35" count="0" type="stmt"/>
        <line num="36" count="0" type="stmt"/>
        <line num="37" count="0" type="stmt"/>
        <line num="38" count="0" type="stmt"/>
        <line num="39" count="0" type="stmt"/>
        <line num="40" count="0" type="stmt"/>
        <line num="41" count="0" type="stmt"/>
        <line num="42" count="0" type="stmt"/>
        <line num="43" count="0" type="stmt"/>
        <line num="44" count="0" type="stmt"/>
        <line num="45" count="0" type="stmt"/>
        <line num="46" count="0" type="stmt"/>
        <line num="47" count="0" type="stmt"/>
        <line num="48" count="0" type="stmt"/>
        <line num="49" count="0" type="stmt"/>
        <line num="50" count="0" type="stmt"/>
        <line num="51" count="0" type="stmt"/>
        <line num="52" count="0" type="stmt"/>
        <line num="53" count="0" type="stmt"/>
        <line num="54" count="0" type="stmt"/>
        <line num="55" count="0" type="stmt"/>
        <line num="56" count="0" type="stmt"/>
        <line num="57" count="0" type="stmt"/>
        <line num="58" count="0" type="stmt"/>
        <line num="59" count="0" type="stmt"/>
        <line num="60" count="0" type="stmt"/>
        <line num="61" count="0" type="stmt"/>
        <line num="62" count="0" type="stmt"/>
        <line num="63" count="0" type="stmt"/>
        <line num="64" count="0" type="stmt"/>
        <line num="65" count="0" type="stmt"/>
        <line num="66" count="0" type="stmt"/>
        <line num="67" count="0" type="stmt"/>
        <line num="68" count="0" type="stmt"/>
      </file>
    </package>
    <package name="src.components.LoginView.SplitScreen">
      <metrics statements="30" coveredstatements="0" conditionals="2" coveredconditionals="0" methods="2" coveredmethods="0"/>
      <file name="SplitScreen.styles.ts" path="C:\Users\apisarek\OneDrive - Capgemini\Documents\Onboarding_project\SimpleCards\frontend\src\components\LoginView\SplitScreen\SplitScreen.styles.ts">
        <metrics statements="9" coveredstatements="0" conditionals="1" coveredconditionals="0" methods="1" coveredmethods="0"/>
        <line num="1" count="0" type="cond" truecount="0" falsecount="1"/>
        <line num="2" count="0" type="stmt"/>
        <line num="3" count="0" type="stmt"/>
        <line num="4" count="0" type="stmt"/>
        <line num="5" count="0" type="stmt"/>
        <line num="6" count="0" type="stmt"/>
        <line num="7" count="0" type="stmt"/>
        <line num="8" count="0" type="stmt"/>
        <line num="9" count="0" type="stmt"/>
      </file>
      <file name="SplitScreen.tsx" path="C:\Users\apisarek\OneDrive - Capgemini\Documents\Onboarding_project\SimpleCards\frontend\src\components\LoginView\SplitScreen\SplitScreen.tsx">
        <metrics statements="21" coveredstatements="0" conditionals="1" coveredconditionals="0" methods="1" coveredmethods="0"/>
        <line num="1" count="0" type="cond" truecount="0" falsecount="1"/>
        <line num="2" count="0" type="stmt"/>
        <line num="3" count="0" type="stmt"/>
        <line num="4" count="0" type="stmt"/>
        <line num="5" count="0" type="stmt"/>
        <line num="6" count="0" type="stmt"/>
        <line num="7" count="0" type="stmt"/>
        <line num="8" count="0" type="stmt"/>
        <line num="9" count="0" type="stmt"/>
        <line num="10" count="0" type="stmt"/>
        <line num="11" count="0" type="stmt"/>
        <line num="12" count="0" type="stmt"/>
        <line num="13" count="0" type="stmt"/>
        <line num="14" count="0" type="stmt"/>
        <line num="15" count="0" type="stmt"/>
        <line num="16" count="0" type="stmt"/>
        <line num="17" count="0" type="stmt"/>
        <line num="18" count="0" type="stmt"/>
        <line num="19" count="0" type="stmt"/>
        <line num="20" count="0" type="stmt"/>
        <line num="21" count="0" type="stmt"/>
      </file>
    </package>
    <package name="src.components.RegisterView">
      <metrics statements="178" coveredstatements="0" conditionals="2" coveredconditionals="0" methods="2" coveredmethods="0"/>
      <file name="RegisterView.styles.ts" path="C:\Users\apisarek\OneDrive - Capgemini\Documents\Onboarding_project\SimpleCards\frontend\src\components\RegisterView\RegisterView.styles.ts">
        <metrics statements="16" coveredstatements="0" conditionals="1" coveredconditionals="0" methods="1" coveredmethods="0"/>
        <line num="1" count="0" type="cond" truecount="0" falsecount="1"/>
        <line num="2" count="0" type="stmt"/>
        <line num="3" count="0" type="stmt"/>
        <line num="4" count="0" type="stmt"/>
        <line num="5" count="0" type="stmt"/>
        <line num="6" count="0" type="stmt"/>
        <line num="7" count="0" type="stmt"/>
        <line num="8" count="0" type="stmt"/>
        <line num="9" count="0" type="stmt"/>
        <line num="10" count="0" type="stmt"/>
        <line num="11" count="0" type="stmt"/>
        <line num="12" count="0" type="stmt"/>
        <line num="13" count="0" type="stmt"/>
        <line num="14" count="0" type="stmt"/>
        <line num="15" count="0" type="stmt"/>
        <line num="16" count="0" type="stmt"/>
      </file>
      <file name="RegisterView.tsx" path="C:\Users\apisarek\OneDrive - Capgemini\Documents\Onboarding_project\SimpleCards\frontend\src\components\RegisterView\RegisterView.tsx">
        <metrics statements="162" coveredstatements="0" conditionals="1" coveredconditionals="0" methods="1" coveredmethods="0"/>
        <line num="1" count="0" type="cond" truecount="0" falsecount="1"/>
        <line num="2" count="0" type="stmt"/>
        <line num="3" count="0" type="stmt"/>
        <line num="4" count="0" type="stmt"/>
        <line num="5" count="0" type="stmt"/>
        <line num="6" count="0" type="stmt"/>
        <line num="7" count="0" type="stmt"/>
        <line num="8" count="0" type="stmt"/>
        <line num="9" count="0" type="stmt"/>
        <line num="10" count="0" type="stmt"/>
        <line num="11" count="0" type="stmt"/>
        <line num="12" count="0" type="stmt"/>
        <line num="13" count="0" type="stmt"/>
        <line num="14" count="0" type="stmt"/>
        <line num="15" count="0" type="stmt"/>
        <line num="16" count="0" type="stmt"/>
        <line num="17" count="0" type="stmt"/>
        <line num="18" count="0" type="stmt"/>
        <line num="19" count="0" type="stmt"/>
        <line num="20" count="0" type="stmt"/>
        <line num="21" count="0" type="stmt"/>
        <line num="22" count="0" type="stmt"/>
        <line num="23" count="0" type="stmt"/>
        <line num="24" count="0" type="stmt"/>
        <line num="25" count="0" type="stmt"/>
        <line num="26" count="0" type="stmt"/>
        <line num="27" count="0" type="stmt"/>
        <line num="28" count="0" type="stmt"/>
        <line num="29" count="0" type="stmt"/>
        <line num="30" count="0" type="stmt"/>
        <line num="31" count="0" type="stmt"/>
        <line num="32" count="0" type="stmt"/>
        <line num="33" count="0" type="stmt"/>
        <line num="34" count="0" type="stmt"/>
        <line num="35" count="0" type="stmt"/>
        <line num="36" count="0" type="stmt"/>
        <line num="37" count="0" type="stmt"/>
        <line num="38" count="0" type="stmt"/>
        <line num="39" count="0" type="stmt"/>
        <line num="40" count="0" type="stmt"/>
        <line num="41" count="0" type="stmt"/>
        <line num="42" count="0" type="stmt"/>
        <line num="43" count="0" type="stmt"/>
        <line num="44" count="0" type="stmt"/>
        <line num="45" count="0" type="stmt"/>
        <line num="46" count="0" type="stmt"/>
        <line num="47" count="0" type="stmt"/>
        <line num="48" count="0" type="stmt"/>
        <line num="49" count="0" type="stmt"/>
        <line num="50" count="0" type="stmt"/>
        <line num="51" count="0" type="stmt"/>
        <line num="52" count="0" type="stmt"/>
        <line num="53" count="0" type="stmt"/>
        <line num="54" count="0" type="stmt"/>
        <line num="55" count="0" type="stmt"/>
        <line num="56" count="0" type="stmt"/>
        <line num="57" count="0" type="stmt"/>
        <line num="58" count="0" type="stmt"/>
        <line num="59" count="0" type="stmt"/>
        <line num="60" count="0" type="stmt"/>
        <line num="61" count="0" type="stmt"/>
        <line num="62" count="0" type="stmt"/>
        <line num="63" count="0" type="stmt"/>
        <line num="64" count="0" type="stmt"/>
        <line num="65" count="0" type="stmt"/>
        <line num="66" count="0" type="stmt"/>
        <line num="67" count="0" type="stmt"/>
        <line num="68" count="0" type="stmt"/>
        <line num="69" count="0" type="stmt"/>
        <line num="70" count="0" type="stmt"/>
        <line num="71" count="0" type="stmt"/>
        <line num="72" count="0" type="stmt"/>
        <line num="73" count="0" type="stmt"/>
        <line num="74" count="0" type="stmt"/>
        <line num="75" count="0" type="stmt"/>
        <line num="76" count="0" type="stmt"/>
        <line num="77" count="0" type="stmt"/>
        <line num="78" count="0" type="stmt"/>
        <line num="79" count="0" type="stmt"/>
        <line num="80" count="0" type="stmt"/>
        <line num="81" count="0" type="stmt"/>
        <line num="82" count="0" type="stmt"/>
        <line num="83" count="0" type="stmt"/>
        <line num="84" count="0" type="stmt"/>
        <line num="85" count="0" type="stmt"/>
        <line num="86" count="0" type="stmt"/>
        <line num="87" count="0" type="stmt"/>
        <line num="88" count="0" type="stmt"/>
        <line num="89" count="0" type="stmt"/>
        <line num="90" count="0" type="stmt"/>
        <line num="91" count="0" type="stmt"/>
        <line num="92" count="0" type="stmt"/>
        <line num="93" count="0" type="stmt"/>
        <line num="94" count="0" type="stmt"/>
        <line num="95" count="0" type="stmt"/>
        <line num="96" count="0" type="stmt"/>
        <line num="97" count="0" type="stmt"/>
        <line num="98" count="0" type="stmt"/>
        <line num="99" count="0" type="stmt"/>
        <line num="100" count="0" type="stmt"/>
        <line num="101" count="0" type="stmt"/>
        <line num="102" count="0" type="stmt"/>
        <line num="103" count="0" type="stmt"/>
        <line num="104" count="0" type="stmt"/>
        <line num="105" count="0" type="stmt"/>
        <line num="106" count="0" type="stmt"/>
        <line num="107" count="0" type="stmt"/>
        <line num="108" count="0" type="stmt"/>
        <line num="109" count="0" type="stmt"/>
        <line num="110" count="0" type="stmt"/>
        <line num="111" count="0" type="stmt"/>
        <line num="112" count="0" type="stmt"/>
        <line num="113" count="0" type="stmt"/>
        <line num="114" count="0" type="stmt"/>
        <line num="115" count="0" type="stmt"/>
        <line num="116" count="0" type="stmt"/>
        <line num="117" count="0" type="stmt"/>
        <line num="118" count="0" type="stmt"/>
        <line num="119" count="0" type="stmt"/>
        <line num="120" count="0" type="stmt"/>
        <line num="121" count="0" type="stmt"/>
        <line num="122" count="0" type="stmt"/>
        <line num="123" count="0" type="stmt"/>
        <line num="124" count="0" type="stmt"/>
        <line num="125" count="0" type="stmt"/>
        <line num="126" count="0" type="stmt"/>
        <line num="127" count="0" type="stmt"/>
        <line num="128" count="0" type="stmt"/>
        <line num="129" count="0" type="stmt"/>
        <line num="130" count="0" type="stmt"/>
        <line num="131" count="0" type="stmt"/>
        <line num="132" count="0" type="stmt"/>
        <line num="133" count="0" type="stmt"/>
        <line num="134" count="0" type="stmt"/>
        <line num="135" count="0" type="stmt"/>
        <line num="136" count="0" type="stmt"/>
        <line num="137" count="0" type="stmt"/>
        <line num="138" count="0" type="stmt"/>
        <line num="139" count="0" type="stmt"/>
        <line num="140" count="0" type="stmt"/>
        <line num="141" count="0" type="stmt"/>
        <line num="142" count="0" type="stmt"/>
        <line num="143" count="0" type="stmt"/>
        <line num="144" count="0" type="stmt"/>
        <line num="145" count="0" type="stmt"/>
        <line num="146" count="0" type="stmt"/>
        <line num="147" count="0" type="stmt"/>
        <line num="148" count="0" type="stmt"/>
        <line num="149" count="0" type="stmt"/>
        <line num="150" count="0" type="stmt"/>
        <line num="151" count="0" type="stmt"/>
        <line num="152" count="0" type="stmt"/>
        <line num="153" count="0" type="stmt"/>
        <line num="154" count="0" type="stmt"/>
        <line num="155" count="0" type="stmt"/>
        <line num="156" count="0" type="stmt"/>
        <line num="157" count="0" type="stmt"/>
        <line num="158" count="0" type="stmt"/>
        <line num="159" count="0" type="stmt"/>
        <line num="160" count="0" type="stmt"/>
        <line num="161" count="0" type="stmt"/>
        <line num="162" count="0" type="stmt"/>
      </file>
    </package>
    <package name="src.components.ReviewView">
      <metrics statements="117" coveredstatements="0" conditionals="2" coveredconditionals="0" methods="2" coveredmethods="0"/>
      <file name="ReviewView.styles.ts" path="C:\Users\apisarek\OneDrive - Capgemini\Documents\Onboarding_project\SimpleCards\frontend\src\components\ReviewView\ReviewView.styles.ts">
        <metrics statements="11" coveredstatements="0" conditionals="1" coveredconditionals="0" methods="1" coveredmethods="0"/>
        <line num="1" count="0" type="cond" truecount="0" falsecount="1"/>
        <line num="2" count="0" type="stmt"/>
        <line num="3" count="0" type="stmt"/>
        <line num="4" count="0" type="stmt"/>
        <line num="5" count="0" type="stmt"/>
        <line num="6" count="0" type="stmt"/>
        <line num="7" count="0" type="stmt"/>
        <line num="8" count="0" type="stmt"/>
        <line num="9" count="0" type="stmt"/>
        <line num="10" count="0" type="stmt"/>
        <line num="11" count="0" type="stmt"/>
      </file>
      <file name="ReviewView.tsx" path="C:\Users\apisarek\OneDrive - Capgemini\Documents\Onboarding_project\SimpleCards\frontend\src\components\ReviewView\ReviewView.tsx">
        <metrics statements="106" coveredstatements="0" conditionals="1" coveredconditionals="0" methods="1" coveredmethods="0"/>
        <line num="1" count="0" type="cond" truecount="0" falsecount="1"/>
        <line num="2" count="0" type="stmt"/>
        <line num="3" count="0" type="stmt"/>
        <line num="4" count="0" type="stmt"/>
        <line num="5" count="0" type="stmt"/>
        <line num="6" count="0" type="stmt"/>
        <line num="7" count="0" type="stmt"/>
        <line num="8" count="0" type="stmt"/>
        <line num="9" count="0" type="stmt"/>
        <line num="10" count="0" type="stmt"/>
        <line num="11" count="0" type="stmt"/>
        <line num="12" count="0" type="stmt"/>
        <line num="13" count="0" type="stmt"/>
        <line num="14" count="0" type="stmt"/>
        <line num="15" count="0" type="stmt"/>
        <line num="16" count="0" type="stmt"/>
        <line num="17" count="0" type="stmt"/>
        <line num="18" count="0" type="stmt"/>
        <line num="19" count="0" type="stmt"/>
        <line num="20" count="0" type="stmt"/>
        <line num="21" count="0" type="stmt"/>
        <line num="22" count="0" type="stmt"/>
        <line num="23" count="0" type="stmt"/>
        <line num="24" count="0" type="stmt"/>
        <line num="25" count="0" type="stmt"/>
        <line num="26" count="0" type="stmt"/>
        <line num="27" count="0" type="stmt"/>
        <line num="28" count="0" type="stmt"/>
        <line num="29" count="0" type="stmt"/>
        <line num="30" count="0" type="stmt"/>
        <line num="31" count="0" type="stmt"/>
        <line num="32" count="0" type="stmt"/>
        <line num="33" count="0" type="stmt"/>
        <line num="34" count="0" type="stmt"/>
        <line num="35" count="0" type="stmt"/>
        <line num="36" count="0" type="stmt"/>
        <line num="37" count="0" type="stmt"/>
        <line num="38" count="0" type="stmt"/>
        <line num="39" count="0" type="stmt"/>
        <line num="40" count="0" type="stmt"/>
        <line num="41" count="0" type="stmt"/>
        <line num="42" count="0" type="stmt"/>
        <line num="43" count="0" type="stmt"/>
        <line num="44" count="0" type="stmt"/>
        <line num="45" count="0" type="stmt"/>
        <line num="46" count="0" type="stmt"/>
        <line num="47" count="0" type="stmt"/>
        <line num="48" count="0" type="stmt"/>
        <line num="49" count="0" type="stmt"/>
        <line num="50" count="0" type="stmt"/>
        <line num="51" count="0" type="stmt"/>
        <line num="52" count="0" type="stmt"/>
        <line num="53" count="0" type="stmt"/>
        <line num="54" count="0" type="stmt"/>
        <line num="55" count="0" type="stmt"/>
        <line num="56" count="0" type="stmt"/>
        <line num="57" count="0" type="stmt"/>
        <line num="58" count="0" type="stmt"/>
        <line num="59" count="0" type="stmt"/>
        <line num="60" count="0" type="stmt"/>
        <line num="61" count="0" type="stmt"/>
        <line num="62" count="0" type="stmt"/>
        <line num="63" count="0" type="stmt"/>
        <line num="64" count="0" type="stmt"/>
        <line num="65" count="0" type="stmt"/>
        <line num="66" count="0" type="stmt"/>
        <line num="67" count="0" type="stmt"/>
        <line num="68" count="0" type="stmt"/>
        <line num="69" count="0" type="stmt"/>
        <line num="70" count="0" type="stmt"/>
        <line num="71" count="0" type="stmt"/>
        <line num="72" count="0" type="stmt"/>
        <line num="73" count="0" type="stmt"/>
        <line num="74" count="0" type="stmt"/>
        <line num="75" count="0" type="stmt"/>
        <line num="76" count="0" type="stmt"/>
        <line num="77" count="0" type="stmt"/>
        <line num="78" count="0" type="stmt"/>
        <line num="79" count="0" type="stmt"/>
        <line num="80" count="0" type="stmt"/>
        <line num="81" count="0" type="stmt"/>
        <line num="82" count="0" type="stmt"/>
        <line num="83" count="0" type="stmt"/>
        <line num="84" count="0" type="stmt"/>
        <line num="85" count="0" type="stmt"/>
        <line num="86" count="0" type="stmt"/>
        <line num="87" count="0" type="stmt"/>
        <line num="88" count="0" type="stmt"/>
        <line num="89" count="0" type="stmt"/>
        <line num="90" count="0" type="stmt"/>
        <line num="91" count="0" type="stmt"/>
        <line num="92" count="0" type="stmt"/>
        <line num="93" count="0" type="stmt"/>
        <line num="94" count="0" type="stmt"/>
        <line num="95" count="0" type="stmt"/>
        <line num="96" count="0" type="stmt"/>
        <line num="97" count="0" type="stmt"/>
        <line num="98" count="0" type="stmt"/>
        <line num="99" count="0" type="stmt"/>
        <line num="100" count="0" type="stmt"/>
        <line num="101" count="0" type="stmt"/>
        <line num="102" count="0" type="stmt"/>
        <line num="103" count="0" type="stmt"/>
        <line num="104" count="0" type="stmt"/>
        <line num="105" count="0" type="stmt"/>
        <line num="106" count="0" type="stmt"/>
      </file>
    </package>
    <package name="src.components.ReviewView.ReviewCard">
      <metrics statements="54" coveredstatements="0" conditionals="2" coveredconditionals="0" methods="2" coveredmethods="0"/>
      <file name="ReviewCard.styles.ts" path="C:\Users\apisarek\OneDrive - Capgemini\Documents\Onboarding_project\SimpleCards\frontend\src\components\ReviewView\ReviewCard\ReviewCard.styles.ts">
        <metrics statements="15" coveredstatements="0" conditionals="1" coveredconditionals="0" methods="1" coveredmethods="0"/>
        <line num="1" count="0" type="cond" truecount="0" falsecount="1"/>
        <line num="2" count="0" type="stmt"/>
        <line num="3" count="0" type="stmt"/>
        <line num="4" count="0" type="stmt"/>
        <line num="5" count="0" type="stmt"/>
        <line num="6" count="0" type="stmt"/>
        <line num="7" count="0" type="stmt"/>
        <line num="8" count="0" type="stmt"/>
        <line num="9" count="0" type="stmt"/>
        <line num="10" count="0" type="stmt"/>
        <line num="11" count="0" type="stmt"/>
        <line num="12" count="0" type="stmt"/>
        <line num="13" count="0" type="stmt"/>
        <line num="14" count="0" type="stmt"/>
        <line num="15" count="0" type="stmt"/>
      </file>
      <file name="ReviewCard.tsx" path="C:\Users\apisarek\OneDrive - Capgemini\Documents\Onboarding_project\SimpleCards\frontend\src\components\ReviewView\ReviewCard\ReviewCard.tsx">
        <metrics statements="39" coveredstatements="0" conditionals="1" coveredconditionals="0" methods="1" coveredmethods="0"/>
        <line num="1" count="0" type="cond" truecount="0" falsecount="1"/>
        <line num="2" count="0" type="stmt"/>
        <line num="3" count="0" type="stmt"/>
        <line num="4" count="0" type="stmt"/>
        <line num="5" count="0" type="stmt"/>
        <line num="6" count="0" type="stmt"/>
        <line num="7" count="0" type="stmt"/>
        <line num="8" count="0" type="stmt"/>
        <line num="9" count="0" type="stmt"/>
        <line num="10" count="0" type="stmt"/>
        <line num="11" count="0" type="stmt"/>
        <line num="12" count="0" type="stmt"/>
        <line num="13" count="0" type="stmt"/>
        <line num="14" count="0" type="stmt"/>
        <line num="15" count="0" type="stmt"/>
        <line num="16" count="0" type="stmt"/>
        <line num="17" count="0" type="stmt"/>
        <line num="18" count="0" type="stmt"/>
        <line num="19" count="0" type="stmt"/>
        <line num="20" count="0" type="stmt"/>
        <line num="21" count="0" type="stmt"/>
        <line num="22" count="0" type="stmt"/>
        <line num="23" count="0" type="stmt"/>
        <line num="24" count="0" type="stmt"/>
        <line num="25" count="0" type="stmt"/>
        <line num="26" count="0" type="stmt"/>
        <line num="27" count="0" type="stmt"/>
        <line num="28" count="0" type="stmt"/>
        <line num="29" count="0" type="stmt"/>
        <line num="30" count="0" type="stmt"/>
        <line num="31" count="0" type="stmt"/>
        <line num="32" count="0" type="stmt"/>
        <line num="33" count="0" type="stmt"/>
        <line num="34" count="0" type="stmt"/>
        <line num="35" count="0" type="stmt"/>
        <line num="36" count="0" type="stmt"/>
        <line num="37" count="0" type="stmt"/>
        <line num="38" count="0" type="stmt"/>
        <line num="39" count="0" type="stmt"/>
      </file>
    </package>
    <package name="src.components.UserView">
      <metrics statements="47" coveredstatements="0" conditionals="2" coveredconditionals="0" methods="2" coveredmethods="0"/>
      <file name="UserView.styles.ts" path="C:\Users\apisarek\OneDrive - Capgemini\Documents\Onboarding_project\SimpleCards\frontend\src\components\UserView\UserView.styles.ts">
        <metrics statements="5" coveredstatements="0" conditionals="1" coveredconditionals="0" methods="1" coveredmethods="0"/>
        <line num="1" count="0" type="cond" truecount="0" falsecount="1"/>
        <line num="2" count="0" type="stmt"/>
        <line num="3" count="0" type="stmt"/>
        <line num="4" count="0" type="stmt"/>
        <line num="5" count="0" type="stmt"/>
      </file>
      <file name="UserView.tsx" path="C:\Users\apisarek\OneDrive - Capgemini\Documents\Onboarding_project\SimpleCards\frontend\src\components\UserView\UserView.tsx">
        <metrics statements="42" coveredstatements="0" conditionals="1" coveredconditionals="0" methods="1" coveredmethods="0"/>
        <line num="1" count="0" type="cond" truecount="0" falsecount="1"/>
        <line num="2" count="0" type="stmt"/>
        <line num="3" count="0" type="stmt"/>
        <line num="4" count="0" type="stmt"/>
        <line num="5" count="0" type="stmt"/>
        <line num="6" count="0" type="stmt"/>
        <line num="7" count="0" type="stmt"/>
        <line num="8" count="0" type="stmt"/>
        <line num="9" count="0" type="stmt"/>
        <line num="10" count="0" type="stmt"/>
        <line num="11" count="0" type="stmt"/>
        <line num="12" count="0" type="stmt"/>
        <line num="13" count="0" type="stmt"/>
        <line num="14" count="0" type="stmt"/>
        <line num="15" count="0" type="stmt"/>
        <line num="16" count="0" type="stmt"/>
        <line num="17" count="0" type="stmt"/>
        <line num="18" count="0" type="stmt"/>
        <line num="19" count="0" type="stmt"/>
        <line num="20" count="0" type="stmt"/>
        <line num="21" count="0" type="stmt"/>
        <line num="22" count="0" type="stmt"/>
        <line num="23" count="0" type="stmt"/>
        <line num="24" count="0" type="stmt"/>
        <line num="25" count="0" type="stmt"/>
        <line num="26" count="0" type="stmt"/>
        <line num="27" count="0" type="stmt"/>
        <line num="28" count="0" type="stmt"/>
        <line num="29" count="0" type="stmt"/>
        <line num="30" count="0" type="stmt"/>
        <line num="31" count="0" type="stmt"/>
        <line num="32" count="0" type="stmt"/>
        <line num="33" count="0" type="stmt"/>
        <line num="34" count="0" type="stmt"/>
        <line num="35" count="0" type="stmt"/>
        <line num="36" count="0" type="stmt"/>
        <line num="37" count="0" type="stmt"/>
        <line num="38" count="0" type="stmt"/>
        <line num="39" count="0" type="stmt"/>
        <line num="40" count="0" type="stmt"/>
        <line num="41" count="0" type="stmt"/>
        <line num="42" count="0" type="stmt"/>
      </file>
    </package>
    <package name="src.routes">
      <metrics statements="18" coveredstatements="0" conditionals="2" coveredconditionals="0" methods="2" coveredmethods="0"/>
      <file name="PrivateRoutes.tsx" path="C:\Users\apisarek\OneDrive - Capgemini\Documents\Onboarding_project\SimpleCards\frontend\src\routes\PrivateRoutes.tsx">
        <metrics statements="9" coveredstatements="0" conditionals="1" coveredconditionals="0" methods="1" coveredmethods="0"/>
        <line num="1" count="0" type="cond" truecount="0" falsecount="1"/>
        <line num="2" count="0" type="stmt"/>
        <line num="3" count="0" type="stmt"/>
        <line num="4" count="0" type="stmt"/>
        <line num="5" count="0" type="stmt"/>
        <line num="6" count="0" type="stmt"/>
        <line num="7" count="0" type="stmt"/>
        <line num="8" count="0" type="stmt"/>
        <line num="9" count="0" type="stmt"/>
      </file>
      <file name="PublicRoutes.tsx" path="C:\Users\apisarek\OneDrive - Capgemini\Documents\Onboarding_project\SimpleCards\frontend\src\routes\PublicRoutes.tsx">
        <metrics statements="9" coveredstatements="0" conditionals="1" coveredconditionals="0" methods="1" coveredmethods="0"/>
        <line num="1" count="0" type="cond" truecount="0" falsecount="1"/>
        <line num="2" count="0" type="stmt"/>
        <line num="3" count="0" type="stmt"/>
        <line num="4" count="0" type="stmt"/>
        <line num="5" count="0" type="stmt"/>
        <line num="6" count="0" type="stmt"/>
        <line num="7" count="0" type="stmt"/>
        <line num="8" count="0" type="stmt"/>
        <line num="9" count="0" type="stmt"/>
      </file>
    </package>
    <package name="src.services">
      <metrics statements="77" coveredstatements="55" conditionals="14" coveredconditionals="13" methods="9" coveredmethods="6"/>
      <file name="AuthService.ts" path="C:\Users\apisarek\OneDrive - Capgemini\Documents\Onboarding_project\SimpleCards\frontend\src\services\AuthService.ts">
        <metrics statements="36" coveredstatements="27" conditionals="7" coveredconditionals="6" methods="3" coveredmethods="2"/>
        <line num="1" count="1" type="stmt"/>
        <line num="3" count="1" type="stmt"/>
        <line num="4" count="0" type="stmt"/>
        <line num="6" count="0" type="stmt"/>
        <line num="7" count="0" type="stmt"/>
        <line num="8" count="0" type="stmt"/>
        <line num="9" count="0" type="stmt"/>
        <line num="10" count="0" type="stmt"/>
        <line num="11" count="0" type="stmt"/>
        <line num="13" count="1" type="cond" truecount="1" falsecount="0"/>
        <line num="15" count="43" type="stmt"/>
        <line num="16" count="43" type="stmt"/>
        <line num="17" count="43" type="stmt"/>
        <line num="19" count="43" type="cond" truecount="1" falsecount="0"/>
        <line num="20" count="18" type="cond" truecount="1" falsecount="0"/>
        <line num="21" count="18" type="stmt"/>
        <line num="22" count="18" type="stmt"/>
        <line num="23" count="18" type="stmt"/>
        <line num="24" count="18" type="stmt"/>
        <line num="25" count="18" type="stmt"/>
        <line num="26" count="18" type="stmt"/>
        <line num="27" count="18" type="stmt"/>
        <line num="28" count="18" type="stmt"/>
        <line num="29" count="18" type="stmt"/>
        <line num="30" count="18" type="stmt"/>
        <line num="31" count="18" type="cond" truecount="1" falsecount="0"/>
        <line num="32" count="18" type="cond" truecount="1" falsecount="0"/>
        <line num="34" count="18" type="cond" truecount="0" falsecount="1"/>
        <line num="35" count="0" type="stmt"/>
        <line num="36" count="0" type="stmt"/>
        <line num="37" count="18" type="stmt"/>
        <line num="39" count="18" type="stmt"/>
        <line num="41" count="18" type="stmt"/>
        <line num="43" count="18" type="cond" truecount="1" falsecount="0"/>
        <line num="44" count="43" type="stmt"/>
        <line num="45" count="43" type="stmt"/>
      </file>
      <file name="CardReviewService.ts" path="C:\Users\apisarek\OneDrive - Capgemini\Documents\Onboarding_project\SimpleCards\frontend\src\services\CardReviewService.ts">
        <metrics statements="41" coveredstatements="28" conditionals="7" coveredconditionals="7" methods="6" coveredmethods="4"/>
        <line num="3" count="1" type="stmt"/>
        <line num="5" count="1" type="stmt"/>
        <line num="6" count="0" type="stmt"/>
        <line num="7" count="0" type="stmt"/>
        <line num="8" count="0" type="stmt"/>
        <line num="9" count="0" type="stmt"/>
        <line num="10" count="0" type="stmt"/>
        <line num="11" count="0" type="stmt"/>
        <line num="13" count="1" type="stmt"/>
        <line num="14" count="0" type="stmt"/>
        <line num="15" count="0" type="stmt"/>
        <line num="16" count="0" type="stmt"/>
        <line num="17" count="0" type="stmt"/>
        <line num="18" count="0" type="stmt"/>
        <line num="19" count="0" type="stmt"/>
        <line num="20" count="0" type="stmt"/>
        <line num="22" count="1" type="cond" truecount="1" falsecount="0"/>
        <line num="23" count="19" type="stmt"/>
        <line num="24" count="19" type="stmt"/>
        <line num="25" count="19" type="stmt"/>
        <line num="26" count="19" type="stmt"/>
        <line num="28" count="19" type="stmt"/>
        <line num="30" count="19" type="cond" truecount="1" falsecount="0"/>
        <line num="31" count="12" type="stmt"/>
        <line num="32" count="19" type="cond" truecount="1" falsecount="0"/>
        <line num="33" count="7" type="stmt"/>
        <line num="34" count="7" type="stmt"/>
        <line num="35" count="19" type="stmt"/>
        <line num="37" count="12" type="cond" truecount="1" falsecount="0"/>
        <line num="38" count="12" type="cond" truecount="1" falsecount="0"/>
        <line num="39" count="11" type="stmt"/>
        <line num="40" count="11" type="stmt"/>
        <line num="41" count="12" type="stmt"/>
        <line num="42" count="12" type="stmt"/>
        <line num="44" count="19" type="cond" truecount="1" falsecount="0"/>
        <line num="45" count="19" type="stmt"/>
        <line num="46" count="19" type="stmt"/>
        <line num="47" count="19" type="stmt"/>
        <line num="49" count="1" type="cond" truecount="1" falsecount="0"/>
        <line num="50" count="19" type="stmt"/>
        <line num="51" count="19" type="stmt"/>
      </file>
    </package>
  </project>
</coverage>
